Traceback (most recent call last):
  File "E:\Programy\Anaconda\envs\rp_env\lib\site-packages\jupyter_cache\executors\utils.py", line 51, in single_nb_execution
    executenb(
  File "E:\Programy\Anaconda\envs\rp_env\lib\site-packages\nbclient\client.py", line 1204, in execute
    return NotebookClient(nb=nb, resources=resources, km=km, **kwargs).execute()
  File "E:\Programy\Anaconda\envs\rp_env\lib\site-packages\nbclient\util.py", line 84, in wrapped
    return just_run(coro(*args, **kwargs))
  File "E:\Programy\Anaconda\envs\rp_env\lib\site-packages\nbclient\util.py", line 62, in just_run
    return loop.run_until_complete(coro)
  File "E:\Programy\Anaconda\envs\rp_env\lib\asyncio\base_events.py", line 616, in run_until_complete
    return future.result()
  File "E:\Programy\Anaconda\envs\rp_env\lib\site-packages\nbclient\client.py", line 663, in async_execute
    await self.async_execute_cell(
  File "E:\Programy\Anaconda\envs\rp_env\lib\site-packages\nbclient\client.py", line 965, in async_execute_cell
    await self._check_raise_for_error(cell, cell_index, exec_reply)
  File "E:\Programy\Anaconda\envs\rp_env\lib\site-packages\nbclient\client.py", line 862, in _check_raise_for_error
    raise CellExecutionError.from_cell_and_msg(cell, exec_reply_content)
nbclient.exceptions.CellExecutionError: An error occurred while executing the following cell:
------------------
C_L_AMQS_1 = (airfoil.C_1*(data.h_ddot + data.alpha_dot - airfoil.a*data.alpha_ddot) +
           airfoil.C_2*(data.alpha + data.h_dot + data.alpha_dot*(0.5-airfoil.a))).T
C_L_AMQS_07 = (airfoil.C_1*(data.h_ddot + data.alpha_dot - airfoil.a*data.alpha_ddot) +
           0.7*airfoil.C_2*(data.alpha + data.h_dot + data.alpha_dot*(0.5-airfoil.a))).T
C_L_AMQS_025 = (airfoil.C_1*(data.h_ddot + data.alpha_dot - airfoil.a*data.alpha_ddot) +
           0.25*airfoil.C_2*(data.alpha + data.h_dot + data.alpha_dot*(0.5-airfoil.a))).T

C_L_AMQS_1 = np.reshape(C_L_AMQS_1, (len(t),1))
C_L_AMQS_07 = np.reshape(C_L_AMQS_05, (len(t),1))
C_L_AMQS_025 = np.reshape(C_L_AMQS_025, (len(t),1))

rmse_1 = sk.metrics.mean_squared_error(data.C_L, C_L_AMQS_1, squared=False)
rmse_2 = sk.metrics.mean_squared_error(data.C_L, C_L_AMQS_05, squared=False)
rmse_3 = sk.metrics.mean_squared_error(data.C_L, C_L_AMQS_025, squared=False)

plt.plot(data.t[:-1], C_L_AMQS_1[:-1], 'c-', label='$C_L$ if $C(k)=1$')
plt.plot(data.t[:-1], C_L_AMQS_025[:-1], 'r-.', label='$C_L$ if $C(k)=0.25$')
plt.plot(data.t[:-1], C_L_AMQS_07[:-1], 'y--', label='$C_L$ if $C(k)=0.7$')
plt.plot(data.t[:-1], data.C_L[:-1], 'k-', label='model')
plt.title('RMSE 1 = {:.2e}; RMSE 0.5 = {:.2e}; RMSE 0.25 = {:.2e}'.format(rmse_1, rmse_2, rmse_3))
plt.ylabel('$C_L$')
plt.xlabel('t [-]')
plt.legend()
plt.tick_params('x', labelbottom=False)
------------------

[1;31m---------------------------------------------------------------------------[0m
[1;31mNameError[0m                                 Traceback (most recent call last)
Input [1;32mIn [26][0m, in [0;36m<cell line: 9>[1;34m()[0m
[0;32m      5[0m C_L_AMQS_025 [38;5;241m=[39m (airfoil[38;5;241m.[39mC_1[38;5;241m*[39m(data[38;5;241m.[39mh_ddot [38;5;241m+[39m data[38;5;241m.[39malpha_dot [38;5;241m-[39m airfoil[38;5;241m.[39ma[38;5;241m*[39mdata[38;5;241m.[39malpha_ddot) [38;5;241m+[39m
[0;32m      6[0m            [38;5;241m0.25[39m[38;5;241m*[39mairfoil[38;5;241m.[39mC_2[38;5;241m*[39m(data[38;5;241m.[39malpha [38;5;241m+[39m data[38;5;241m.[39mh_dot [38;5;241m+[39m data[38;5;241m.[39malpha_dot[38;5;241m*[39m([38;5;241m0.5[39m[38;5;241m-[39mairfoil[38;5;241m.[39ma)))[38;5;241m.[39mT
[0;32m      8[0m C_L_AMQS_1 [38;5;241m=[39m np[38;5;241m.[39mreshape(C_L_AMQS_1, ([38;5;28mlen[39m(t),[38;5;241m1[39m))
[1;32m----> 9[0m C_L_AMQS_07 [38;5;241m=[39m np[38;5;241m.[39mreshape([43mC_L_AMQS_05[49m, ([38;5;28mlen[39m(t),[38;5;241m1[39m))
[0;32m     10[0m C_L_AMQS_025 [38;5;241m=[39m np[38;5;241m.[39mreshape(C_L_AMQS_025, ([38;5;28mlen[39m(t),[38;5;241m1[39m))
[0;32m     12[0m rmse_1 [38;5;241m=[39m sk[38;5;241m.[39mmetrics[38;5;241m.[39mmean_squared_error(data[38;5;241m.[39mC_L, C_L_AMQS_1, squared[38;5;241m=[39m[38;5;28;01mFalse[39;00m)

[1;31mNameError[0m: name 'C_L_AMQS_05' is not defined
NameError: name 'C_L_AMQS_05' is not defined

